0 info it worked if it ends with ok
1 verbose cli [ 'C:\\Program Files\\nodejs\\node.exe',
1 verbose cli   'C:\\Program Files\\nodejs\\node_modules\\npm\\bin\\npm-cli.js',
1 verbose cli   'install' ]
2 info using npm@2.15.9
3 info using node@v4.5.0
4 verbose readDependencies loading dependencies from C:\Users\User\Desktop\parcer js\node-iconv\package.json
5 verbose install where, deps [ 'C:\\Users\\User\\Desktop\\parcer js\\node-iconv',
5 verbose install   [ 'nan', 'tap' ] ]
6 verbose install where, peers [ 'C:\\Users\\User\\Desktop\\parcer js\\node-iconv', [] ]
7 verbose installManyTop reading for lifecycle C:\Users\User\Desktop\parcer js\node-iconv\package.json
8 info preinstall iconv@2.2.1
9 verbose installManyTop reading scoped package data from C:\Users\User\Desktop\parcer js\node-iconv\node_modules\nan\package.json
10 verbose installManyTop reading scoped package data from C:\Users\User\Desktop\parcer js\node-iconv\node_modules\tap\package.json
11 info package.json tap@0.4.13 license should be a valid SPDX license expression
12 verbose readDependencies loading dependencies from C:\Users\User\Desktop\parcer js\node-iconv\package.json
13 verbose targetResolver reading package data from C:\Users\User\Desktop\parcer js\node-iconv\node_modules\nan\package.json
14 verbose targetResolver reading package data from C:\Users\User\Desktop\parcer js\node-iconv\node_modules\tap\package.json
15 verbose targetResolver reading package data from C:\Users\User\Desktop\parcer js\node-iconv\node_modules\.bin\tap\package.json
16 verbose targetResolver reading package data from C:\Users\User\Desktop\parcer js\node-iconv\node_modules\.bin\tap.cmd\package.json
17 verbose already installed skipping tap@~0.4.8 C:\Users\User\Desktop\parcer js\node-iconv
18 verbose already installed skipping nan@^2.3.5 C:\Users\User\Desktop\parcer js\node-iconv
19 silly install resolved []
20 info build C:\Users\User\Desktop\parcer js\node-iconv
21 info linkStuff iconv@2.2.1
22 silly linkStuff iconv@2.2.1 has C:\Users\User\Desktop\parcer js as its parent node_modules
23 verbose linkBins iconv@2.2.1
24 verbose linkMans iconv@2.2.1
25 verbose rebuildBundles iconv@2.2.1
26 verbose rebuildBundles [ '.bin', 'nan', 'tap' ]
27 info install iconv@2.2.1
28 verbose unsafe-perm in lifecycle true
29 info iconv@2.2.1 Failed to exec install script
30 verbose stack Error: iconv@2.2.1 install: `node-gyp rebuild`
30 verbose stack Exit status 1
30 verbose stack     at EventEmitter.<anonymous> (C:\Program Files\nodejs\node_modules\npm\lib\utils\lifecycle.js:217:16)
30 verbose stack     at emitTwo (events.js:87:13)
30 verbose stack     at EventEmitter.emit (events.js:172:7)
30 verbose stack     at ChildProcess.<anonymous> (C:\Program Files\nodejs\node_modules\npm\lib\utils\spawn.js:24:14)
30 verbose stack     at emitTwo (events.js:87:13)
30 verbose stack     at ChildProcess.emit (events.js:172:7)
30 verbose stack     at maybeClose (internal/child_process.js:829:16)
30 verbose stack     at Process.ChildProcess._handle.onexit (internal/child_process.js:211:5)
31 verbose pkgid iconv@2.2.1
32 verbose cwd C:\Users\User\Desktop\parcer js\node-iconv
33 error Windows_NT 6.1.7601
34 error argv "C:\\Program Files\\nodejs\\node.exe" "C:\\Program Files\\nodejs\\node_modules\\npm\\bin\\npm-cli.js" "install"
35 error node v4.5.0
36 error npm  v2.15.9
37 error code ELIFECYCLE
38 error iconv@2.2.1 install: `node-gyp rebuild`
38 error Exit status 1
39 error Failed at the iconv@2.2.1 install script 'node-gyp rebuild'.
39 error This is most likely a problem with the iconv package,
39 error not with npm itself.
39 error Tell the author that this fails on your system:
39 error     node-gyp rebuild
39 error You can get information on how to open an issue for this project with:
39 error     npm bugs iconv
39 error Or if that isn't available, you can get their info via:
39 error
39 error     npm owner ls iconv
39 error There is likely additional logging output above.
40 verbose exit [ 1, true ]
